[14:56:48] [main/INFO]: Setting user: Player482
[14:56:48] [Client thread/INFO]: LWJGL Version: 2.9.1
[14:56:54] [Client thread/INFO]: Reloading ResourceManager: Default, FMLFileResourcePack:Forge Mod Loader, FMLFileResourcePack:Minecraft Forge, FMLFileResourcePack:LOTR
[14:56:54] [Client thread/INFO]: LOTR: Found logger
[14:56:54] [Client thread/INFO]: LOTR: Registered 127 packet types
[14:56:57] [Sound Library Loader/INFO]: Sound engine started
[14:56:58] [Client thread/INFO]: Created: 2048x1024 textures/blocks-atlas
[14:56:59] [Client thread/INFO]: Created: 1024x1024 textures/items-atlas
[14:57:01] [Client thread/INFO]: LOTRLore: Category numenor has loaded 0 lore texts, of which 0 rewardable
[14:57:01] [Client thread/INFO]: LOTRLore: Category red_mountains has loaded 0 lore texts, of which 0 rewardable
[14:57:01] [Client thread/INFO]: LOTRLore: Category wind_mountains has loaded 0 lore texts, of which 0 rewardable
[14:57:01] [Client thread/INFO]: LOTRLore: Category dark_wood has loaded 0 lore texts, of which 0 rewardable
[14:57:01] [Client thread/INFO]: LOTRLore: Category khand has loaded 0 lore texts, of which 0 rewardable
[14:57:01] [Client thread/INFO]: LOTRLore: Category ruins has loaded 13 lore texts, of which 5 rewardable
[14:57:01] [Client thread/INFO]: LOTRLore: Category shire has loaded 19 lore texts, of which 10 rewardable
[14:57:01] [Client thread/INFO]: LOTRLore: Category blue_mountains has loaded 8 lore texts, of which 5 rewardable
[14:57:01] [Client thread/INFO]: LOTRLore: Category lindon has loaded 11 lore texts, of which 10 rewardable
[14:57:01] [Client thread/INFO]: LOTRLore: Category eriador has loaded 14 lore texts, of which 14 rewardable
[14:57:01] [Client thread/INFO]: LOTRLore: Category rivendell has loaded 24 lore texts, of which 22 rewardable
[14:57:01] [Client thread/INFO]: LOTRLore: Category eregion has loaded 7 lore texts, of which 6 rewardable
[14:57:01] [Client thread/INFO]: LOTRLore: Category dunland has loaded 6 lore texts, of which 5 rewardable
[14:57:01] [Client thread/INFO]: LOTRLore: Category gundabad has loaded 4 lore texts, of which 4 rewardable
[14:57:01] [Client thread/INFO]: LOTRLore: Category angmar has loaded 5 lore texts, of which 5 rewardable
[14:57:01] [Client thread/INFO]: LOTRLore: Category woodland_realm has loaded 4 lore texts, of which 4 rewardable
[14:57:01] [Client thread/INFO]: LOTRLore: Category dol_guldur has loaded 4 lore texts, of which 4 rewardable
[14:57:01] [Client thread/INFO]: LOTRLore: Category dale has loaded 13 lore texts, of which 11 rewardable
[14:57:01] [Client thread/INFO]: LOTRLore: Category durins_folk has loaded 13 lore texts, of which 6 rewardable
[14:57:01] [Client thread/INFO]: LOTRLore: Category lothlorien has loaded 10 lore texts, of which 10 rewardable
[14:57:01] [Client thread/INFO]: LOTRLore: Category rohan has loaded 5 lore texts, of which 2 rewardable
[14:57:01] [Client thread/INFO]: LOTRLore: Category isengard has loaded 4 lore texts, of which 3 rewardable
[14:57:01] [Client thread/INFO]: LOTRLore: Category gondor has loaded 21 lore texts, of which 16 rewardable
[14:57:01] [Client thread/INFO]: LOTRLore: Category mordor has loaded 6 lore texts, of which 6 rewardable
[14:57:01] [Client thread/INFO]: LOTRLore: Category dorwinion has loaded 7 lore texts, of which 5 rewardable
[14:57:01] [Client thread/INFO]: LOTRLore: Category rhun has loaded 9 lore texts, of which 5 rewardable
[14:57:01] [Client thread/INFO]: LOTRLore: Category harnedor has loaded 12 lore texts, of which 9 rewardable
[14:57:01] [Client thread/INFO]: LOTRLore: Category southron has loaded 16 lore texts, of which 14 rewardable
[14:57:01] [Client thread/INFO]: LOTRLore: Category umbar has loaded 18 lore texts, of which 16 rewardable
[14:57:01] [Client thread/INFO]: LOTRLore: Category nomad has loaded 8 lore texts, of which 5 rewardable
[14:57:01] [Client thread/INFO]: LOTRLore: Category gulf has loaded 9 lore texts, of which 7 rewardable
[14:57:01] [Client thread/INFO]: LOTRLore: Category far_harad has loaded 0 lore texts, of which 0 rewardable
[14:57:01] [Client thread/INFO]: LOTRLore: Category far_harad_jungle has loaded 0 lore texts, of which 0 rewardable
[14:57:01] [Client thread/INFO]: LOTRLore: Category half_troll has loaded 0 lore texts, of which 0 rewardable
[14:57:02] [Client thread/INFO]: Reloading ResourceManager: Default, FMLFileResourcePack:Forge Mod Loader, FMLFileResourcePack:Minecraft Forge, FMLFileResourcePack:LOTR
[14:57:03] [Client thread/INFO]: Created: 1024x1024 textures/items-atlas
[14:57:04] [Client thread/INFO]: Created: 2048x1024 textures/blocks-atlas
[14:57:05] [Sound Library Loader/INFO]: Sound engine started
[14:57:48] [Server thread/INFO]: Starting integrated minecraft server version 1.7.10
[14:57:48] [Server thread/INFO]: Generating keypair
[14:57:48] [Server thread/INFO]: Preparing start region for level 0
[14:57:49] [Server thread/INFO]: Changing view distance to 12, from 10
[14:57:49] [Server thread/INFO]: Player482[local:E:9fd0699a] logged in with entity id 247 at (-394.219962237238, 4.708995670729915, -799.2107544440067)
[14:57:49] [Server thread/INFO]: Player482 joined the game
[14:57:50] [Server thread/INFO]: Saving and pausing game...
[14:57:50] [Server thread/INFO]: Saving chunks for level 'New World'/Overworld
[14:57:50] [Server thread/INFO]: Saving chunks for level 'New World'/Nether
[14:57:50] [Server thread/INFO]: Saving chunks for level 'New World'/The End
[14:57:50] [Server thread/INFO]: Saving chunks for level 'New World'/Utumno
[14:57:50] [Server thread/INFO]: Saving chunks for level 'New World'/MiddleEarth
[14:57:51] [Server thread/INFO]: Player482 has just earned the achievement [Taking Inventory]
[14:57:51] [Client thread/INFO]: [CHAT] Player482 has just earned the achievement [Taking Inventory]
[14:58:10] [Server thread/ERROR]: Encountered an unexpected exception
net.minecraft.util.ReportedException: Ticking entity
	at net.minecraft.server.MinecraftServer.updateTimeLightAndEntities(MinecraftServer.java:709) ~[MinecraftServer.class:?]
	at net.minecraft.server.MinecraftServer.tick(MinecraftServer.java:614) ~[MinecraftServer.class:?]
	at net.minecraft.server.integrated.IntegratedServer.tick(IntegratedServer.java:118) ~[IntegratedServer.class:?]
	at net.minecraft.server.MinecraftServer.run(MinecraftServer.java:485) [MinecraftServer.class:?]
	at net.minecraft.server.MinecraftServer$2.run(MinecraftServer.java:752) [MinecraftServer$2.class:?]
Caused by: java.lang.NullPointerException
	at lotr.common.item.LOTRItemDagger.applyPoisonedWoundEffect(LOTRItemDagger.java:50) ~[LOTRItemDagger.class:?]
	at lotr.common.LOTREventHandler.onLivingHurt(LOTREventHandler.java:1510) ~[LOTREventHandler.class:?]
	at cpw.mods.fml.common.eventhandler.ASMEventHandler_37_LOTREventHandler_onLivingHurt_LivingHurtEvent.invoke(.dynamic) ~[?:?]
	at cpw.mods.fml.common.eventhandler.ASMEventHandler.invoke(ASMEventHandler.java:54) ~[ASMEventHandler.class:?]
	at cpw.mods.fml.common.eventhandler.EventBus.post(EventBus.java:140) ~[EventBus.class:?]
	at net.minecraftforge.common.ForgeHooks.onLivingHurt(ForgeHooks.java:300) ~[ForgeHooks.class:?]
	at net.minecraft.entity.EntityLivingBase.damageEntity(EntityLivingBase.java:1261) ~[EntityLivingBase.class:?]
	at net.minecraft.entity.EntityLivingBase.attackEntityFrom(EntityLivingBase.java:870) ~[EntityLivingBase.class:?]
	at net.minecraft.entity.projectile.EntityArrow.onUpdate(EntityArrow.java:323) ~[EntityArrow.class:?]
	at net.minecraft.world.World.updateEntityWithOptionalForce(World.java:2298) ~[World.class:?]
	at net.minecraft.world.WorldServer.updateEntityWithOptionalForce(WorldServer.java:684) ~[WorldServer.class:?]
	at net.minecraft.world.World.updateEntity(World.java:2258) ~[World.class:?]
	at net.minecraft.world.World.updateEntities(World.java:2108) ~[World.class:?]
	at net.minecraft.world.WorldServer.updateEntities(WorldServer.java:515) ~[WorldServer.class:?]
	at net.minecraft.server.MinecraftServer.updateTimeLightAndEntities(MinecraftServer.java:703) ~[MinecraftServer.class:?]
	... 4 more
[14:58:10] [Server thread/ERROR]: This crash report has been saved to: B:\mdk\.idea\.\crash-reports\crash-2022-09-05_14.58.10-server.txt
[14:58:10] [Server thread/INFO]: Stopping server
[14:58:10] [Server thread/INFO]: Saving players
[14:58:10] [Server thread/INFO]: Saving worlds
[14:58:10] [Server thread/INFO]: Saving chunks for level 'New World'/Overworld
[14:58:10] [Server thread/INFO]: Saving chunks for level 'New World'/Nether
[14:58:10] [Server thread/INFO]: Saving chunks for level 'New World'/The End
[14:58:10] [Server thread/INFO]: Saving chunks for level 'New World'/Utumno
[14:58:10] [Server thread/INFO]: Saving chunks for level 'New World'/MiddleEarth
